<?xml version="1.0" encoding="UTF-8"?>
<!-- Generated by org.testng.reporters.JUnitReportReporter -->
<testsuite hostname="Suruchis-MacBook-Air.local" name="Testing.TestNG" tests="1" failures="0" timestamp="9 Aug 2017 07:37:53 GMT" time="4.231" errors="0">
  <testcase name="f" time="4.231" classname="Testing.TestNG"/>
</testsuite> <!-- Testing.TestNG -->
